Start testing: Oct 24 13:21 UTC
----------------------------------------------------------
1/1 Testing: ComplexLibraryTest
1/1 Test: ComplexLibraryTest
Command: "/workspace/build/test/test_complex"
Directory: /workspace/build/test
"ComplexLibraryTest" start time: Oct 24 13:21 UTC
Output:
----------------------------------------------------------
=== Testing Complex Number Operations ===
✓ Addition test passed
✓ Subtraction test passed
✓ Multiplication test passed
✓ Division test passed
✓ Real number operations test passed
✓ Zero division test (basic)

All tests passed! ✓
<end of output>
Test time =   0.00 sec
----------------------------------------------------------
Test Passed.
"ComplexLibraryTest" end time: Oct 24 13:21 UTC
"ComplexLibraryTest" time elapsed: 00:00:00
----------------------------------------------------------

End testing: Oct 24 13:21 UTC
